# JRE version: OpenJDK Runtime Environment (11.0.12+7) (build 11.0.12+7-b1504.28-7817840)
# Java VM: OpenJDK 64-Bit Server VM (11.0.12+7-b1504.28-7817840, mixed mode, tiered, compressed oops, g1 gc, windows-amd64)
Heap:
 garbage-first heap   total 278528K, used 205009K [0x0000000080000000, 0x0000000100000000)
  region size 1024K, 74 young (75776K), 4 survivors (4096K)
 Metaspace       used 129971K, capacity 133093K, committed 133248K, reserved 1165312K
  class space    used 16087K, capacity 17278K, committed 17280K, reserved 1048576K
GC Heap History (20 events):
Event: 137.019 GC heap before
{Heap before GC invocations=92 (full 0):
 garbage-first heap   total 278528K, used 219857K [0x0000000080000000, 0x0000000100000000)
  region size 1024K, 88 young (90112K), 2 survivors (2048K)
 Metaspace       used 127876K, capacity 130683K, committed 130944K, reserved 1163264K
  class space    used 15821K, capacity 16898K, committed 17024K, reserved 1048576K
}
Event: 137.035 GC heap after
{Heap after GC invocations=93 (full 0):
 garbage-first heap   total 278528K, used 132185K [0x0000000080000000, 0x0000000100000000)
  region size 1024K, 3 young (3072K), 3 survivors (3072K)
 Metaspace       used 127876K, capacity 130683K, committed 130944K, reserved 1163264K
  class space    used 15821K, capacity 16898K, committed 17024K, reserved 1048576K
}
Event: 138.327 GC heap before
{Heap before GC invocations=93 (full 0):
 garbage-first heap   total 278528K, used 221273K [0x0000000080000000, 0x0000000100000000)
  region size 1024K, 90 young (92160K), 3 survivors (3072K)
 Metaspace       used 127915K, capacity 130732K, committed 130944K, reserved 1163264K
  class space    used 15830K, capacity 16914K, committed 17024K, reserved 1048576K
}
Event: 138.345 GC heap after
{Heap after GC invocations=94 (full 0):
 garbage-first heap   total 278528K, used 132693K [0x0000000080000000, 0x0000000100000000)
  region size 1024K, 3 young (3072K), 3 survivors (3072K)
 Metaspace       used 127915K, capacity 130732K, committed 130944K, reserved 1163264K
  class space    used 15830K, capacity 16914K, committed 17024K, reserved 1048576K
}
Event: 140.768 GC heap before
{Heap before GC invocations=94 (full 0):
 garbage-first heap   total 278528K, used 224853K [0x0000000080000000, 0x0000000100000000)
  region size 1024K, 93 young (95232K), 3 survivors (3072K)
 Metaspace       used 127982K, capacity 130801K, committed 130944K, reserved 1163264K
  class space    used 15830K, capacity 16914K, committed 17024K, reserved 1048576K
}
Event: 140.788 GC heap after
{Heap after GC invocations=95 (full 0):
 garbage-first heap   total 278528K, used 132817K [0x0000000080000000, 0x0000000100000000)
  region size 1024K, 3 young (3072K), 3 survivors (3072K)
 Metaspace       used 127982K, capacity 130801K, committed 130944K, reserved 1163264K
  class space    used 15830K, capacity 16914K, committed 17024K, reserved 1048576K
}
Event: 142.309 GC heap before
{Heap before GC invocations=95 (full 0):
 garbage-first heap   total 278528K, used 227025K [0x0000000080000000, 0x0000000100000000)
  region size 1024K, 95 young (97280K), 3 survivors (3072K)
 Metaspace       used 128002K, capacity 130865K, committed 131200K, reserved 1163264K
  class space    used 15830K, capacity 16914K, committed 17024K, reserved 1048576K
}
Event: 142.331 GC heap after
{Heap after GC invocations=96 (full 0):
 garbage-first heap   total 278528K, used 133404K [0x0000000080000000, 0x0000000100000000)
  region size 1024K, 4 young (4096K), 4 survivors (4096K)
 Metaspace       used 128002K, capacity 130865K, committed 131200K, reserved 1163264K
  class space    used 15830K, capacity 16914K, committed 17024K, reserved 1048576K
}
Event: 144.037 GC heap before
{Heap before GC invocations=96 (full 0):
 garbage-first heap   total 278528K, used 228636K [0x0000000080000000, 0x0000000100000000)
  region size 1024K, 97 young (99328K), 4 survivors (4096K)
 Metaspace       used 128047K, capacity 130953K, committed 131200K, reserved 1163264K
  class space    used 15836K, capacity 16922K, committed 17024K, reserved 1048576K
}
Event: 144.060 GC heap after
{Heap after GC invocations=97 (full 0):
 garbage-first heap   total 278528K, used 133841K [0x0000000080000000, 0x0000000100000000)
  region size 1024K, 4 young (4096K), 4 survivors (4096K)
 Metaspace       used 128047K, capacity 130953K, committed 131200K, reserved 1163264K
  class space    used 15836K, capacity 16922K, committed 17024K, reserved 1048576K
}
Event: 145.402 GC heap before
{Heap before GC invocations=97 (full 0):
 garbage-first heap   total 278528K, used 230097K [0x0000000080000000, 0x0000000100000000)
  region size 1024K, 98 young (100352K), 4 survivors (4096K)
 Metaspace       used 128057K, capacity 130954K, committed 131200K, reserved 1163264K
  class space    used 15836K, capacity 16922K, committed 17024K, reserved 1048576K
}
Event: 145.426 GC heap after
{Heap after GC invocations=98 (full 0):
 garbage-first heap   total 278528K, used 134591K [0x0000000080000000, 0x0000000100000000)
  region size 1024K, 5 young (5120K), 5 survivors (5120K)
 Metaspace       used 128057K, capacity 130954K, committed 131200K, reserved 1163264K
  class space    used 15836K, capacity 16922K, committed 17024K, reserved 1048576K
}
Event: 146.895 GC heap before
{Heap before GC invocations=98 (full 0):
 garbage-first heap   total 278528K, used 231871K [0x0000000080000000, 0x0000000100000000)
  region size 1024K, 100 young (102400K), 5 survivors (5120K)
 Metaspace       used 128071K, capacity 130954K, committed 131200K, reserved 1163264K
  class space    used 15836K, capacity 16922K, committed 17024K, reserved 1048576K
}
Event: 146.925 GC heap after
{Heap after GC invocations=99 (full 0):
 garbage-first heap   total 278528K, used 134865K [0x0000000080000000, 0x0000000100000000)
  region size 1024K, 5 young (5120K), 5 survivors (5120K)
 Metaspace       used 128071K, capacity 130954K, committed 131200K, reserved 1163264K
  class space    used 15836K, capacity 16922K, committed 17024K, reserved 1048576K
}
Event: 149.058 GC heap before
{Heap before GC invocations=99 (full 0):
 garbage-first heap   total 278528K, used 235217K [0x0000000080000000, 0x0000000100000000)
  region size 1024K, 103 young (105472K), 5 survivors (5120K)
 Metaspace       used 129301K, capacity 132375K, committed 132480K, reserved 1165312K
  class space    used 16015K, capacity 17177K, committed 17280K, reserved 1048576K
}
Event: 149.097 GC heap after
{Heap after GC invocations=100 (full 0):
 garbage-first heap   total 278528K, used 135656K [0x0000000080000000, 0x0000000100000000)
  region size 1024K, 6 young (6144K), 6 survivors (6144K)
 Metaspace       used 129301K, capacity 132375K, committed 132480K, reserved 1165312K
  class space    used 16015K, capacity 17177K, committed 17280K, reserved 1048576K
}
Event: 151.903 GC heap before
{Heap before GC invocations=100 (full 0):
 garbage-first heap   total 278528K, used 237032K [0x0000000080000000, 0x0000000100000000)
  region size 1024K, 104 young (106496K), 6 survivors (6144K)
 Metaspace       used 129949K, capacity 133028K, committed 133248K, reserved 1165312K
  class space    used 16086K, capacity 17278K, committed 17280K, reserved 1048576K
}
Event: 151.937 GC heap after
{Heap after GC invocations=101 (full 0):
 garbage-first heap   total 278528K, used 135764K [0x0000000080000000, 0x0000000100000000)
  region size 1024K, 6 young (6144K), 6 survivors (6144K)
 Metaspace       used 129949K, capacity 133028K, committed 133248K, reserved 1165312K
  class space    used 16086K, capacity 17278K, committed 17280K, reserved 1048576K
}
Event: 153.632 GC heap before
{Heap before GC invocations=101 (full 0):
 garbage-first heap   total 278528K, used 236116K [0x0000000080000000, 0x0000000100000000)
  region size 1024K, 104 young (106496K), 6 survivors (6144K)
 Metaspace       used 129960K, capacity 133029K, committed 133248K, reserved 1165312K
  class space    used 16087K, capacity 17278K, committed 17280K, reserved 1048576K
}
Event: 153.662 GC heap after
{Heap after GC invocations=102 (full 0):
 garbage-first heap   total 278528K, used 134353K [0x0000000080000000, 0x0000000100000000)
  region size 1024K, 4 young (4096K), 4 survivors (4096K)
 Metaspace       used 129960K, capacity 133029K, committed 133248K, reserved 1165312K
  class space    used 16087K, capacity 17278K, committed 17280K, reserved 1048576K
}

